<?xml version="1.0" encoding="UTF-8"?>
<!-- Generated by org.testng.reporters.JUnitReportReporter -->
<testsuite hostname="Abhi_PC" failures="0" tests="1" name="ictak.learnertracker.test.AdminLoginTest" time="13.871" errors="0" timestamp="2024-02-09T11:07:47 IST" skipped="0">
  <testcase classname="ictak.learnertracker.test.AdminLoginTest" name="AdminInvaildUserAndPassword" time="13.871"/>
  <system-out/>
</testsuite> <!-- ictak.learnertracker.test.AdminLoginTest -->
