<?xml version="1.0" encoding="UTF-8"?>
<!-- Generated by org.testng.reporters.JUnitReportReporter -->
<testsuite hostname="Abhi_PC" failures="0" tests="1" name="ictak.learnertracker.test.AdminPlacement" time="18.065" errors="0" timestamp="2024-02-10T17:33:54 IST" skipped="0">
  <testcase classname="ictak.learnertracker.test.AdminPlacement" name="AdminPlacementStatusUpdate" time="18.065"/>
  <system-out/>
</testsuite> <!-- ictak.learnertracker.test.AdminPlacement -->
