<?xml version="1.0" encoding="UTF-8"?>
<!-- Generated by org.testng.reporters.JUnitReportReporter -->
<testsuite hostname="Abhi_PC" failures="0" tests="6" name="ictak.learnertracker.test.TrainerLogin" time="94.693" errors="0" timestamp="2024-02-11T11:39:49 IST" skipped="0">
  <testcase classname="ictak.learnertracker.test.TrainerLogin" name="TrainerLoginWithValidData" time="16.010"/>
  <system-out/>
  <testcase classname="ictak.learnertracker.test.TrainerLogin" name="TrainerLoginWithInavaildUserName" time="15.502"/>
  <system-out/>
  <testcase classname="ictak.learnertracker.test.TrainerLogin" name="TrainerLoginWithInvalidPasswd" time="15.515"/>
  <system-out/>
  <testcase classname="ictak.learnertracker.test.TrainerLogin" name="TrainerLoginWithBlankUsername" time="16.177"/>
  <system-out/>
  <testcase classname="ictak.learnertracker.test.TrainerLogin" name="TrainerLoginWithBlankPasswd" time="15.108"/>
  <system-out/>
  <testcase classname="ictak.learnertracker.test.TrainerLogin" name="TrainerLoginWithINVALIDUsernameAndPAsswd" time="16.381"/>
  <system-out/>
</testsuite> <!-- ictak.learnertracker.test.TrainerLogin -->
