<?xml version="1.0" encoding="UTF-8"?>
<!-- Generated by org.testng.reporters.JUnitReportReporter -->
<testsuite hostname="Abhi_PC" failures="0" tests="1" name="ictak.learnertracker.test.AdminAddNewLearner" time="21.564" errors="0" timestamp="2024-02-10T16:48:04 IST" skipped="0">
  <testcase classname="ictak.learnertracker.test.AdminAddNewLearner" name="AddingBulkLeanerDetailsUsingCSVFile" time="21.564"/>
  <system-out/>
</testsuite> <!-- ictak.learnertracker.test.AdminAddNewLearner -->
