<?xml version="1.0" encoding="UTF-8"?>
<!-- Generated by org.testng.reporters.JUnitReportReporter -->
<testsuite hostname="Abhi_PC" failures="0" tests="1" name="ictak.learnertracker.test.PlacementOfficerLogin" time="17.458" errors="0" timestamp="2024-02-11T16:56:58 IST" skipped="0">
  <testcase classname="ictak.learnertracker.test.PlacementOfficerLogin" name="POfficerUpdateThePlacementStatusOfLeaner" time="17.458"/>
  <system-out/>
</testsuite> <!-- ictak.learnertracker.test.PlacementOfficerLogin -->
